# JRE version: Java(TM) SE Runtime Environment (8.0_131-b11) (build 1.8.0_131-b11)
# Java VM: Java HotSpot(TM) 64-Bit Server VM (25.131-b11 mixed mode windows-amd64 compressed oops)
Heap:
 PSYoungGen      total 1675264K, used 1402277K [0x0000000715580000, 0x0000000796680000, 0x00000007c0000000)
  eden space 1500672K, 93% used [0x0000000715580000,0x000000076aee97d8,0x0000000770f00000)
  from space 174592K, 0% used [0x000000077b980000,0x000000077b980000,0x0000000786400000)
  to   space 174592K, 0% used [0x0000000770f00000,0x0000000770f00000,0x000000077b980000)
 ParOldGen       total 2796544K, used 14359K [0x00000005c0000000, 0x000000066ab00000, 0x0000000715580000)
  object space 2796544K, 0% used [0x00000005c0000000,0x00000005c0e05f00,0x000000066ab00000)
 Metaspace       used 36699K, capacity 37486K, committed 37848K, reserved 1083392K
  class space    used 4012K, capacity 4231K, committed 4312K, reserved 1048576K
GC Heap History (10 events):
Event: 3.173 GC heap before
{Heap before GC invocations=2 (full 1):
 PSYoungGen      total 1223168K, used 12753K [0x0000000715580000, 0x000000076aa80000, 0x00000007c0000000)
  eden space 1048576K, 0% used [0x0000000715580000,0x0000000715580000,0x0000000755580000)
  from space 174592K, 7% used [0x0000000755580000,0x00000007561f45d0,0x0000000760000000)
  to   space 174592K, 0% used [0x0000000760000000,0x0000000760000000,0x000000076aa80000)
 ParOldGen       total 2796544K, used 80K [0x00000005c0000000, 0x000000066ab00000, 0x0000000715580000)
  object space 2796544K, 0% used [0x00000005c0000000,0x00000005c0014010,0x000000066ab00000)
 Metaspace       used 20662K, capacity 21126K, committed 21248K, reserved 1067008K
  class space    used 2561K, capacity 2747K, committed 2816K, reserved 1048576K
Event: 3.196 GC heap after
Heap after GC invocations=2 (full 1):
 PSYoungGen      total 1223168K, used 0K [0x0000000715580000, 0x000000076aa80000, 0x00000007c0000000)
  eden space 1048576K, 0% used [0x0000000715580000,0x0000000715580000,0x0000000755580000)
  from space 174592K, 0% used [0x0000000755580000,0x0000000755580000,0x0000000760000000)
  to   space 174592K, 0% used [0x0000000760000000,0x0000000760000000,0x000000076aa80000)
 ParOldGen       total 2796544K, used 12463K [0x00000005c0000000, 0x000000066ab00000, 0x0000000715580000)
  object space 2796544K, 0% used [0x00000005c0000000,0x00000005c0c2bfe8,0x000000066ab00000)
 Metaspace       used 20662K, capacity 21126K, committed 21248K, reserved 1067008K
  class space    used 2561K, capacity 2747K, committed 2816K, reserved 1048576K
}
Event: 21.706 GC heap before
{Heap before GC invocations=3 (full 1):
 PSYoungGen      total 1223168K, used 1048576K [0x0000000715580000, 0x000000076aa80000, 0x00000007c0000000)
  eden space 1048576K, 100% used [0x0000000715580000,0x0000000755580000,0x0000000755580000)
  from space 174592K, 0% used [0x0000000755580000,0x0000000755580000,0x0000000760000000)
  to   space 174592K, 0% used [0x0000000760000000,0x0000000760000000,0x000000076aa80000)
 ParOldGen       total 2796544K, used 12463K [0x00000005c0000000, 0x000000066ab00000, 0x0000000715580000)
  object space 2796544K, 0% used [0x00000005c0000000,0x00000005c0c2bfe8,0x000000066ab00000)
 Metaspace       used 26169K, capacity 26668K, committed 27008K, reserved 1073152K
  class space    used 2936K, capacity 3100K, committed 3200K, reserved 1048576K
Event: 21.784 GC heap after
Heap after GC invocations=3 (full 1):
 PSYoungGen      total 1223168K, used 132924K [0x0000000715580000, 0x000000077e200000, 0x00000007c0000000)
  eden space 1048576K, 0% used [0x0000000715580000,0x0000000715580000,0x0000000755580000)
  from space 174592K, 76% used [0x0000000760000000,0x00000007681cf238,0x000000076aa80000)
  to   space 174592K, 0% used [0x0000000755580000,0x0000000755580000,0x0000000760000000)
 ParOldGen       total 2796544K, used 12471K [0x00000005c0000000, 0x000000066ab00000, 0x0000000715580000)
  object space 2796544K, 0% used [0x00000005c0000000,0x00000005c0c2dfe8,0x000000066ab00000)
 Metaspace       used 26169K, capacity 26668K, committed 27008K, reserved 1073152K
  class space    used 2936K, capacity 3100K, committed 3200K, reserved 1048576K
}
Event: 26.881 GC heap before
{Heap before GC invocations=4 (full 1):
 PSYoungGen      total 1223168K, used 1180648K [0x0000000715580000, 0x000000077e200000, 0x00000007c0000000)
  eden space 1048576K, 99% used [0x0000000715580000,0x00000007554ab048,0x0000000755580000)
  from space 174592K, 76% used [0x0000000760000000,0x00000007681cf238,0x000000076aa80000)
  to   space 174592K, 0% used [0x0000000755580000,0x0000000755580000,0x0000000760000000)
 ParOldGen       total 2796544K, used 12471K [0x00000005c0000000, 0x000000066ab00000, 0x0000000715580000)
  object space 2796544K, 0% used [0x00000005c0000000,0x00000005c0c2dfe8,0x000000066ab00000)
 Metaspace       used 34310K, capacity 35062K, committed 35416K, reserved 1081344K
  class space    used 3865K, capacity 4099K, committed 4184K, reserved 1048576K
Event: 26.932 GC heap after
Heap after GC invocations=4 (full 1):
 PSYoungGen      total 1223168K, used 94276K [0x0000000715580000, 0x0000000786400000, 0x00000007c0000000)
  eden space 1048576K, 0% used [0x0000000715580000,0x0000000715580000,0x0000000755580000)
  from space 174592K, 53% used [0x0000000755580000,0x000000075b191368,0x0000000760000000)
  to   space 174592K, 0% used [0x000000077b980000,0x000000077b980000,0x0000000786400000)
 ParOldGen       total 2796544K, used 12479K [0x00000005c0000000, 0x000000066ab00000, 0x0000000715580000)
  object space 2796544K, 0% used [0x00000005c0000000,0x00000005c0c2ffe8,0x000000066ab00000)
 Metaspace       used 34310K, capacity 35062K, committed 35416K, reserved 1081344K
  class space    used 3865K, capacity 4099K, committed 4184K, reserved 1048576K
}
Event: 26.996 GC heap before
{Heap before GC invocations=5 (full 1):
 PSYoungGen      total 1223168K, used 174750K [0x0000000715580000, 0x0000000786400000, 0x00000007c0000000)
  eden space 1048576K, 7% used [0x0000000715580000,0x000000071a416610,0x0000000755580000)
  from space 174592K, 53% used [0x0000000755580000,0x000000075b191368,0x0000000760000000)
  to   space 174592K, 0% used [0x000000077b980000,0x000000077b980000,0x0000000786400000)
 ParOldGen       total 2796544K, used 12479K [0x00000005c0000000, 0x000000066ab00000, 0x0000000715580000)
  object space 2796544K, 0% used [0x00000005c0000000,0x00000005c0c2ffe8,0x000000066ab00000)
 Metaspace       used 34499K, capacity 35196K, committed 35416K, reserved 1081344K
  class space    used 3879K, capacity 4100K, committed 4184K, reserved 1048576K
Event: 27.000 GC heap after
Heap after GC invocations=5 (full 1):
 PSYoungGen      total 1675264K, used 8500K [0x0000000715580000, 0x0000000796680000, 0x00000007c0000000)
  eden space 1500672K, 0% used [0x0000000715580000,0x0000000715580000,0x0000000770f00000)
  from space 174592K, 4% used [0x000000077b980000,0x000000077c1cd050,0x0000000786400000)
  to   space 174592K, 0% used [0x0000000770f00000,0x0000000770f00000,0x000000077b980000)
 ParOldGen       total 2796544K, used 12487K [0x00000005c0000000, 0x000000066ab00000, 0x0000000715580000)
  object space 2796544K, 0% used [0x00000005c0000000,0x00000005c0c31fe8,0x000000066ab00000)
 Metaspace       used 34499K, capacity 35196K, committed 35416K, reserved 1081344K
  class space    used 3879K, capacity 4100K, committed 4184K, reserved 1048576K
}
Event: 27.000 GC heap before
{Heap before GC invocations=6 (full 2):
 PSYoungGen      total 1675264K, used 8500K [0x0000000715580000, 0x0000000796680000, 0x00000007c0000000)
  eden space 1500672K, 0% used [0x0000000715580000,0x0000000715580000,0x0000000770f00000)
  from space 174592K, 4% used [0x000000077b980000,0x000000077c1cd050,0x0000000786400000)
  to   space 174592K, 0% used [0x0000000770f00000,0x0000000770f00000,0x000000077b980000)
 ParOldGen       total 2796544K, used 12487K [0x00000005c0000000, 0x000000066ab00000, 0x0000000715580000)
  object space 2796544K, 0% used [0x00000005c0000000,0x00000005c0c31fe8,0x000000066ab00000)
 Metaspace       used 34499K, capacity 35196K, committed 35416K, reserved 1081344K
  class space    used 3879K, capacity 4100K, committed 4184K, reserved 1048576K
Event: 27.038 GC heap after
Heap after GC invocations=6 (full 2):
 PSYoungGen      total 1675264K, used 0K [0x0000000715580000, 0x0000000796680000, 0x00000007c0000000)
  eden space 1500672K, 0% used [0x0000000715580000,0x0000000715580000,0x0000000770f00000)
  from space 174592K, 0% used [0x000000077b980000,0x000000077b980000,0x0000000786400000)
  to   space 174592K, 0% used [0x0000000770f00000,0x0000000770f00000,0x000000077b980000)
 ParOldGen       total 2796544K, used 14359K [0x00000005c0000000, 0x000000066ab00000, 0x0000000715580000)
  object space 2796544K, 0% used [0x00000005c0000000,0x00000005c0e05f00,0x000000066ab00000)
 Metaspace       used 34499K, capacity 35196K, committed 35416K, reserved 1081344K
  class space    used 3879K, capacity 4100K, committed 4184K, reserved 1048576K
}

